This file contains any messages produced by compilers while
running configure, to aid debugging if configure makes a mistake.

It was created by graphlib configure 0.1, which was
generated by GNU Autoconf 2.69.  Invocation command line was

  $ /home/joey/Developer/Plotlib/configure 

## --------- ##
## Platform. ##
## --------- ##

hostname = localhost.localdomain
uname -m = x86_64
uname -r = 3.14.4-200.fc20.x86_64
uname -s = Linux
uname -v = #1 SMP Tue May 13 13:51:08 UTC 2014

/usr/bin/uname -p = x86_64
/bin/uname -X     = unknown

/bin/arch              = x86_64
/usr/bin/arch -k       = unknown
/usr/convex/getsysinfo = unknown
/usr/bin/hostinfo      = unknown
/bin/machine           = unknown
/usr/bin/oslevel       = unknown
/bin/universe          = unknown

PATH: /usr/libexec/lightdm
PATH: /usr/local/bin
PATH: /usr/bin
PATH: /bin
PATH: /usr/local/sbin
PATH: /usr/sbin
PATH: /home/joey/.local/bin
PATH: /home/joey/bin


## ----------- ##
## Core tests. ##
## ----------- ##

configure:1833: checking for a BSD-compatible install
configure:1901: result: /usr/bin/install -c
configure:1912: checking whether build environment is sane
configure:1967: result: yes
configure:2118: checking for a thread-safe mkdir -p
configure:2157: result: /usr/bin/mkdir -p
configure:2164: checking for gawk
configure:2180: found /usr/bin/gawk
configure:2191: result: gawk
configure:2202: checking whether make sets $(MAKE)
configure:2224: result: yes
configure:2253: checking whether make supports nested variables
configure:2270: result: yes
configure:2366: checking whether make supports nested variables
configure:2383: result: yes
configure:2453: checking for g++
configure:2469: found /usr/bin/g++
configure:2480: result: g++
configure:2507: checking for C++ compiler version
configure:2516: g++ --version >&5
g++ (GCC) 4.8.2 20131212 (Red Hat 4.8.2-7)
Copyright (C) 2013 Free Software Foundation, Inc.
This is free software; see the source for copying conditions.  There is NO
warranty; not even for MERCHANTABILITY or FITNESS FOR A PARTICULAR PURPOSE.

configure:2527: $? = 0
configure:2516: g++ -v >&5
Using built-in specs.
COLLECT_GCC=g++
COLLECT_LTO_WRAPPER=/usr/libexec/gcc/x86_64-redhat-linux/4.8.2/lto-wrapper
Target: x86_64-redhat-linux
Configured with: ../configure --prefix=/usr --mandir=/usr/share/man --infodir=/usr/share/info --with-bugurl=http://bugzilla.redhat.com/bugzilla --enable-bootstrap --enable-shared --enable-threads=posix --enable-checking=release --with-system-zlib --enable-__cxa_atexit --disable-libunwind-exceptions --enable-gnu-unique-object --enable-linker-build-id --with-linker-hash-style=gnu --enable-languages=c,c++,objc,obj-c++,java,fortran,ada,go,lto --enable-plugin --enable-initfini-array --enable-java-awt=gtk --disable-dssi --with-java-home=/usr/lib/jvm/java-1.5.0-gcj-1.5.0.0/jre --enable-libgcj-multifile --enable-java-maintainer-mode --with-ecj-jar=/usr/share/java/eclipse-ecj.jar --disable-libjava-multilib --with-isl=/builddir/build/BUILD/gcc-4.8.2-20131212/obj-x86_64-redhat-linux/isl-install --with-cloog=/builddir/build/BUILD/gcc-4.8.2-20131212/obj-x86_64-redhat-linux/cloog-install --with-tune=generic --with-arch_32=i686 --build=x86_64-redhat-linux
Thread model: posix
gcc version 4.8.2 20131212 (Red Hat 4.8.2-7) (GCC) 
configure:2527: $? = 0
configure:2516: g++ -V >&5
g++: error: unrecognized command line option '-V'
g++: fatal error: no input files
compilation terminated.
configure:2527: $? = 4
configure:2516: g++ -qversion >&5
g++: error: unrecognized command line option '-qversion'
g++: fatal error: no input files
compilation terminated.
configure:2527: $? = 4
configure:2547: checking whether the C++ compiler works
configure:2569: g++    conftest.cpp  >&5
configure:2573: $? = 0
configure:2621: result: yes
configure:2624: checking for C++ compiler default output file name
configure:2626: result: a.out
configure:2632: checking for suffix of executables
configure:2639: g++ -o conftest    conftest.cpp  >&5
configure:2643: $? = 0
configure:2665: result: 
configure:2687: checking whether we are cross compiling
configure:2695: g++ -o conftest    conftest.cpp  >&5
configure:2699: $? = 0
configure:2706: ./conftest
configure:2710: $? = 0
configure:2725: result: no
configure:2730: checking for suffix of object files
configure:2752: g++ -c   conftest.cpp >&5
configure:2756: $? = 0
configure:2777: result: o
configure:2781: checking whether we are using the GNU C++ compiler
configure:2800: g++ -c   conftest.cpp >&5
configure:2800: $? = 0
configure:2809: result: yes
configure:2818: checking whether g++ accepts -g
configure:2838: g++ -c -g  conftest.cpp >&5
configure:2838: $? = 0
configure:2879: result: yes
configure:2913: checking for style of include used by make
configure:2941: result: GNU
configure:2967: checking dependency style of g++
configure:3078: result: gcc3
configure:3217: checking that generated files are newer than configure
configure:3223: result: done
configure:3246: creating ./config.status

## ---------------------- ##
## Running config.status. ##
## ---------------------- ##

This file was extended by graphlib config.status 0.1, which was
generated by GNU Autoconf 2.69.  Invocation command line was

  CONFIG_FILES    = 
  CONFIG_HEADERS  = 
  CONFIG_LINKS    = 
  CONFIG_COMMANDS = 
  $ ./config.status 

on localhost.localdomain

config.status:840: creating Makefile
config.status:840: creating src/Makefile
config.status:840: creating config.h
config.status:1069: executing depfiles commands

## ---------------- ##
## Cache variables. ##
## ---------------- ##

ac_cv_cxx_compiler_gnu=yes
ac_cv_env_CCC_set=
ac_cv_env_CCC_value=
ac_cv_env_CPPFLAGS_set=
ac_cv_env_CPPFLAGS_value=
ac_cv_env_CXXFLAGS_set=
ac_cv_env_CXXFLAGS_value=
ac_cv_env_CXX_set=
ac_cv_env_CXX_value=
ac_cv_env_LDFLAGS_set=
ac_cv_env_LDFLAGS_value=
ac_cv_env_LIBS_set=
ac_cv_env_LIBS_value=
ac_cv_env_build_alias_set=
ac_cv_env_build_alias_value=
ac_cv_env_host_alias_set=
ac_cv_env_host_alias_value=
ac_cv_env_target_alias_set=
ac_cv_env_target_alias_value=
ac_cv_objext=o
ac_cv_path_install='/usr/bin/install -c'
ac_cv_path_mkdir=/usr/bin/mkdir
ac_cv_prog_AWK=gawk
ac_cv_prog_ac_ct_CXX=g++
ac_cv_prog_cxx_g=yes
ac_cv_prog_make_make_set=yes
am_cv_CXX_dependencies_compiler_type=gcc3
am_cv_make_support_nested_variables=yes

## ----------------- ##
## Output variables. ##
## ----------------- ##

ACLOCAL='${SHELL} /home/joey/Developer/Plotlib/missing aclocal-1.13'
AMDEPBACKSLASH='\'
AMDEP_FALSE='#'
AMDEP_TRUE=''
AMTAR='$${TAR-tar}'
AM_BACKSLASH='\'
AM_DEFAULT_V='$(AM_DEFAULT_VERBOSITY)'
AM_DEFAULT_VERBOSITY='0'
AM_V='$(V)'
AUTOCONF='${SHELL} /home/joey/Developer/Plotlib/missing autoconf'
AUTOHEADER='${SHELL} /home/joey/Developer/Plotlib/missing autoheader'
AUTOMAKE='${SHELL} /home/joey/Developer/Plotlib/missing automake-1.13'
AWK='gawk'
CPPFLAGS=''
CXX='g++'
CXXDEPMODE='depmode=gcc3'
CXXFLAGS='-g -O2'
CYGPATH_W='echo'
DEFS='-DHAVE_CONFIG_H'
DEPDIR='.deps'
ECHO_C=''
ECHO_N='-n'
ECHO_T=''
EXEEXT=''
INSTALL_DATA='${INSTALL} -m 644'
INSTALL_PROGRAM='${INSTALL}'
INSTALL_SCRIPT='${INSTALL}'
INSTALL_STRIP_PROGRAM='$(install_sh) -c -s'
LDFLAGS=''
LIBOBJS=''
LIBS=''
LTLIBOBJS=''
MAKEINFO='${SHELL} /home/joey/Developer/Plotlib/missing makeinfo'
MKDIR_P='/usr/bin/mkdir -p'
OBJEXT='o'
PACKAGE='graphlib'
PACKAGE_BUGREPORT=''
PACKAGE_NAME='graphlib'
PACKAGE_STRING='graphlib 0.1'
PACKAGE_TARNAME='graphlib'
PACKAGE_URL=''
PACKAGE_VERSION='0.1'
PATH_SEPARATOR=':'
SET_MAKE=''
SHELL='/bin/sh'
STRIP=''
VERSION='0.1'
ac_ct_CXX='g++'
am__EXEEXT_FALSE=''
am__EXEEXT_TRUE='#'
am__fastdepCXX_FALSE='#'
am__fastdepCXX_TRUE=''
am__include='include'
am__isrc=''
am__leading_dot='.'
am__nodep='_no'
am__quote=''
am__tar='$${TAR-tar} chof - "$$tardir"'
am__untar='$${TAR-tar} xf -'
bindir='${exec_prefix}/bin'
build_alias=''
datadir='${datarootdir}'
datarootdir='${prefix}/share'
docdir='${datarootdir}/doc/${PACKAGE_TARNAME}'
dvidir='${docdir}'
exec_prefix='${prefix}'
host_alias=''
htmldir='${docdir}'
includedir='${prefix}/include'
infodir='${datarootdir}/info'
install_sh='${SHELL} /home/joey/Developer/Plotlib/install-sh'
libdir='${exec_prefix}/lib'
libexecdir='${exec_prefix}/libexec'
localedir='${datarootdir}/locale'
localstatedir='${prefix}/var'
mandir='${datarootdir}/man'
mkdir_p='$(MKDIR_P)'
oldincludedir='/usr/include'
pdfdir='${docdir}'
prefix='/usr/local'
program_transform_name='s,x,x,'
psdir='${docdir}'
sbindir='${exec_prefix}/sbin'
sharedstatedir='${prefix}/com'
sysconfdir='${prefix}/etc'
target_alias=''

## ----------- ##
## confdefs.h. ##
## ----------- ##

/* confdefs.h */
#define PACKAGE_NAME "graphlib"
#define PACKAGE_TARNAME "graphlib"
#define PACKAGE_VERSION "0.1"
#define PACKAGE_STRING "graphlib 0.1"
#define PACKAGE_BUGREPORT ""
#define PACKAGE_URL ""
#define PACKAGE "graphlib"
#define VERSION "0.1"

configure: exit 0

## ---------------------- ##
## Running config.status. ##
## ---------------------- ##

This file was extended by graphlib config.status 0.1, which was
generated by GNU Autoconf 2.69.  Invocation command line was

  CONFIG_FILES    = 
  CONFIG_HEADERS  = 
  CONFIG_LINKS    = 
  CONFIG_COMMANDS = 
  $ ./config.status src/Makefile depfiles

on localhost.localdomain

config.status:840: creating src/Makefile
config.status:1069: executing depfiles commands
